{ Using PSTWRITER 17.2.0 d001Mar-08-2020 at 02:14:06 }

#1 WARNING(ORCAP-36006): Part Name "CON2_BLKCON156VHTM1SQSW1562_TO BATTERIES" is renamed to "CON2_BLKCON156VHTM1SQSW1562_TO".
#2 WARNING(ORCAP-36006): Part Name "HEADER 2_BLKCON156VHTM1SQSW1562_12V OUT" is renamed to "HEADER 2_BLKCON156VHTM1SQSW1562".
#3 WARNING(ORCAP-36006): Part Name "HEADER 2_BLKCON156VHTM1SQSW1562_5V OUT" is renamed to "HEADER 2_BLKCON156VHTM1SQSW15_1".
#4 WARNING(ORCAP-36006): Part Name "HEADER 2_BLKCON156VHTM1SQSW1562_3V3 OUT" is renamed to "HEADER 2_BLKCON156VHTM1SQSW15_2".
#5 WARNING(ORCAP-36006): Part Name "DCJ200-10-A-XX-X_REVA_GCT_DCJ200-10-A-XX-X_REVA_DCJ200-10-A-XX-X_REVA" is renamed to "DCJ200-10-A-XX-X_REVA_GCT_DCJ20".
#6 WARNING(ORCAP-36006): Part Name "CON5_BLKCON100VHTM1SQSW1005_12V PIN OUT" is renamed to "CON5_BLKCON100VHTM1SQSW1005_12V".
#7 WARNING(ORCAP-36006): Part Name "CON5_BLKCON100VHTM1SQSW1005_5V PIN OUT" is renamed to "CON5_BLKCON100VHTM1SQSW1005_5V".
#8 WARNING(ORCAP-36006): Part Name "CON5_BLKCON100VHTM1SQSW1005_3V3 PIN OUT" is renamed to "CON5_BLKCON100VHTM1SQSW1005_3V3".
#9 WARNING(ORCAP-36006): Part Name "CON3_BLKCON100VHTM1SQSW1003_CON3" is renamed to "CON3_BLKCON100VHTM1SQSW1003_CON".
#10 WARNING(ORCAP-36006): Part Name "USB-A1HSW6_OST_USB-A1HSW6_USB-A1HSW6" is renamed to "USB-A1HSW6_OST_USB-A1HSW6_USB-A".
#11 WARNING(ORCAP-36006): Part Name "PWR163S-25-15R0F_BO_PWR163_33, 5W" is renamed to "PWR163S-25-15R0F_BO_PWR163_33,".
#12 WARNING(ORCAP-36006): Part Name "LM7805C/TO220_0_TO220AB_LM7805C/TO220" is renamed to "LM7805C/TO220_0_TO220AB_LM7805C".
#13 WARNING(ORCAP-36006): Part Name "LM3940IMP-33_SOT230P696X180-4N_LM3940IMP-33" is renamed to "LM3940IMP-33_SOT230P696X180-4N_".
#14 WARNING(ORCAP-36006): Part Name "RASPBERRY PI B+_GU-RASP-PI-3_RASPBERRY PI B+" is renamed to "RASPBERRY PI B+_GU-RASP-PI-3_RA".
#15 WARNING(ORCAP-36042): Pin "P3V3" is renamed to "P3V3#1" as visible power pin of same name already exists in Package Raspberry Pi B+ , U9: PowerBoard, PowerBoard (18.10, 0.90).
#16 WARNING(ORCAP-36042): Pin "P5V" is renamed to "P5V#2" as visible power pin of same name already exists in Package Raspberry Pi B+ , U9: PowerBoard, PowerBoard (18.10, 0.90).
#17 WARNING(ORCAP-36042): Pin "P5V" is renamed to "P5V#4" as visible power pin of same name already exists in Package Raspberry Pi B+ , U9: PowerBoard, PowerBoard (18.10, 0.90).
#18 WARNING(ORCAP-36042): Pin "P3V3" is renamed to "P3V3#17" as visible power pin of same name already exists in Package Raspberry Pi B+ , U9: PowerBoard, PowerBoard (18.10, 0.90).
INFO(ORCAP-36080): Scanning netlist files ...

Loading... H:\DESKTOP\SATROT-2-POWERBOARD\allegro/pstchip.dat

Loading... H:\DESKTOP\SATROT-2-POWERBOARD\allegro/pstchip.dat

Loading... H:\DESKTOP\SATROT-2-POWERBOARD\allegro/pstchip.dat

Loading... H:\DESKTOP\SATROT-2-POWERBOARD\allegro/pstxnet.dat
packaging the design view...