(---------------------------------------------------------------------)
(                                                                     )
(    ARTWORK LOG                                                      )
(                                                                     )
(    Drawing          : SATROT-2-9.brd                                )
(    Software Version : 17.2S055                                      )
(    Date/Time        : Mon Mar 09 13:36:39 2020                      )
(                                                                     )
(---------------------------------------------------------------------)


 ---- Photoplot outline rectangle not found; using drawing extents.



Results from parameter file ...
    DEVICE-TYPE           GERBER_RS274X
    OUTPUT-UNITS          INCHES
    FILM-SIZE             2400000 1600000
    FORMAT                2.5
    ABORT-ON-ERROR        NO
    SCALE                 1
    SUPPRESS-LEAD-ZEROES  YES
    SUPPRESS-TRAIL-ZEROES NO
    SUPPRESS-EQUAL        YES
    UNDEF-APT-CONT        NO



================================================================
     PROCESSING FILM < TOP >
     TO FILE < H:/Desktop/SatRot-2/allegro/TOP.art > ...
================================================================

  FILM PARAMETERS :
  ---------------------------------------------------------
  Undefined line width                0.00
  Mirror code                         NONE
  Rotate angle                        NONE
  Offset x:                           0.00
  Offset y:                           0.00
  Plot negative                       NO
  Suppress unconnected internal pads  NO
  Draw holes only                     NO



  APERTURES USED (UNIT = IN):
  ---------------------------------------------------------
  TYPE       SIZE/NAME                   ROT   MIRROR MODE 
  ---------------------------------------------------------
  CIRCLE     0.01000                                  DARK 
  CIRCLE     0.01200                                  DARK 
  CIRCLE     0.02000                                  DARK 
  CIRCLE     0.04000                                  DARK 
  CIRCLE     0.05000                                  DARK 
  CIRCLE     0.08000                                  DARK 
  CIRCLE     0.09843                                  DARK 
  CIRCLE     0.10000                                  DARK 
  SQUARE     0.02200                     0.000 NO     DARK 
  SQUARE     0.05000                     0.000 NO     DARK 
  SQUARE     0.06000                     0.000 NO     DARK 
  SQUARE     0.08000                     0.000 NO     DARK 
  SQUARE     0.10000                     0.000 NO     DARK 
  RECTANGLE  0.01200     x 0.04200       0.000 NO     DARK 
  RECTANGLE  0.01200     x 0.04200      90.000 NO     DARK 
  RECTANGLE  0.03800     x 0.03200       0.000 NO     DARK 
  RECTANGLE  0.03800     x 0.03200      90.000 NO     DARK 
  RECTANGLE  0.03900     x 0.06700      90.000 NO     DARK 
  RECTANGLE  0.05300     x 0.03900      90.000 NO     DARK 
  RECTANGLE  0.12400     x 0.12400       0.000 NO     DARK 
  RECTANGLE  0.12400     x 0.12400      90.000 NO     DARK 
  RECTANGLE  0.13000     x 0.07200       0.000 NO     DARK 

     TOP created.


================================================================
     PROCESSING FILM < BOTTOM >
     TO FILE < H:/Desktop/SatRot-2/allegro/BOTTOM.art > ...
================================================================

  FILM PARAMETERS :
  ---------------------------------------------------------
  Undefined line width                0.00
  Mirror code                         X
  Rotate angle                        NONE
  Offset x:                           0.00
  Offset y:                           0.00
  Plot negative                       NO
  Suppress unconnected internal pads  NO
  Draw holes only                     NO



  APERTURES USED (UNIT = IN):
  ---------------------------------------------------------
  TYPE       SIZE/NAME                   ROT   MIRROR MODE 
  ---------------------------------------------------------
  CIRCLE     0.01000                                  DARK 
  CIRCLE     0.01200                                  DARK 
  CIRCLE     0.02000                                  DARK 
  CIRCLE     0.05000                                  DARK 
  CIRCLE     0.08000                                  DARK 
  CIRCLE     0.09843                                  DARK 
  CIRCLE     0.10000                                  DARK 
  SQUARE     0.08000                     0.000 NO     DARK 
  SQUARE     0.10000                     0.000 NO     DARK 

     BOTTOM created.


------------------------------------------------------
 SUMMARY:
        TOP created.
        BOTTOM created.

 ARTWORK finished
