(---------------------------------------------------------------------)
(                                                                     )
(    Unplaced Symbol Availability Check                               )
(                                                                     )
(    Drawing          : SATROT-2-4.brd                                )
(    Software Version : 17.2S055                                      )
(    Date/Time        : Thu Mar 05 11:22:51 2020                      )
(                                                                     )
(---------------------------------------------------------------------)


Current PSMPATH consists of:
	Q:/allegro/PCB_LIB/symbols/
	.
	symbols
	..
	../symbols
	C:/Cadence/SPB_17.2/share/local/pcb/symbols
	C:/Cadence/SPB_17.2/share/pcb/pcb_lib/symbols
	C:/Cadence/SPB_17.2/share/pcb/allegrolib/symbols


All Symbols Found

Total symbols placed:      40 out of 40


